<?xml version="1.0" encoding="UTF-8"?>
<testsuite xmlns:xsi="http://www.w3.org/2001/XMLSchema-instance" xsi:noNamespaceSchemaLocation="https://maven.apache.org/surefire/maven-surefire-plugin/xsd/surefire-test-report-3.0.xsd" version="3.0" name="TestSuite" time="8.442" tests="6" errors="0" skipped="0" failures="0">
  <properties>
    <property name="sun.desktop" value="windows"/>
    <property name="awt.toolkit" value="sun.awt.windows.WToolkit"/>
    <property name="file.encoding.pkg" value="sun.io"/>
    <property name="java.specification.version" value="1.8"/>
    <property name="sun.cpu.isalist" value="amd64"/>
    <property name="sun.jnu.encoding" value="Cp1252"/>
    <property name="java.class.path" value="C:\Users\saurabhkumar04\eclipse-workspace\RestAssuredAssignment\target\test-classes;C:\Users\saurabhkumar04\eclipse-workspace\RestAssuredAssignment\target\classes;C:\Users\saurabhkumar04\.m2\repository\org\testng\testng\7.3.0\testng-7.3.0.jar;C:\Users\saurabhkumar04\.m2\repository\com\beust\jcommander\1.78\jcommander-1.78.jar;C:\Users\saurabhkumar04\.m2\repository\org\apache\ant\ant\1.10.3\ant-1.10.3.jar;C:\Users\saurabhkumar04\.m2\repository\org\apache\ant\ant-launcher\1.10.3\ant-launcher-1.10.3.jar;C:\Users\saurabhkumar04\.m2\repository\junit\junit\4.12\junit-4.12.jar;C:\Users\saurabhkumar04\.m2\repository\org\hamcrest\hamcrest-core\1.3\hamcrest-core-1.3.jar;C:\Users\saurabhkumar04\.m2\repository\com\google\inject\guice\4.2.2\guice-4.2.2-no_aop.jar;C:\Users\saurabhkumar04\.m2\repository\javax\inject\javax.inject\1\javax.inject-1.jar;C:\Users\saurabhkumar04\.m2\repository\aopalliance\aopalliance\1.0\aopalliance-1.0.jar;C:\Users\saurabhkumar04\.m2\repository\com\google\guava\guava\25.1-android\guava-25.1-android.jar;C:\Users\saurabhkumar04\.m2\repository\org\checkerframework\checker-compat-qual\2.0.0\checker-compat-qual-2.0.0.jar;C:\Users\saurabhkumar04\.m2\repository\com\google\errorprone\error_prone_annotations\2.1.3\error_prone_annotations-2.1.3.jar;C:\Users\saurabhkumar04\.m2\repository\com\google\j2objc\j2objc-annotations\1.1\j2objc-annotations-1.1.jar;C:\Users\saurabhkumar04\.m2\repository\org\codehaus\mojo\animal-sniffer-annotations\1.14\animal-sniffer-annotations-1.14.jar;C:\Users\saurabhkumar04\.m2\repository\org\yaml\snakeyaml\1.21\snakeyaml-1.21.jar;C:\Users\saurabhkumar04\.m2\repository\com\googlecode\json-simple\json-simple\1.1.1\json-simple-1.1.1.jar;C:\Users\saurabhkumar04\.m2\repository\com\relevantcodes\extentreports\2.41.2\extentreports-2.41.2.jar;C:\Users\saurabhkumar04\.m2\repository\org\jsoup\jsoup\1.8.3\jsoup-1.8.3.jar;C:\Users\saurabhkumar04\.m2\repository\org\xerial\sqlite-jdbc\3.8.11.1\sqlite-jdbc-3.8.11.1.jar;C:\Users\saurabhkumar04\.m2\repository\org\freemarker\freemarker\2.3.23\freemarker-2.3.23.jar;C:\Users\saurabhkumar04\.m2\repository\org\mongodb\mongodb-driver\3.0.4\mongodb-driver-3.0.4.jar;C:\Users\saurabhkumar04\.m2\repository\org\mongodb\bson\3.0.4\bson-3.0.4.jar;C:\Users\saurabhkumar04\.m2\repository\org\mongodb\mongodb-driver-core\3.0.4\mongodb-driver-core-3.0.4.jar;C:\Users\saurabhkumar04\.m2\repository\io\rest-assured\rest-assured\4.3.2\rest-assured-4.3.2.jar;C:\Users\saurabhkumar04\.m2\repository\org\codehaus\groovy\groovy\3.0.6\groovy-3.0.6.jar;C:\Users\saurabhkumar04\.m2\repository\org\codehaus\groovy\groovy-xml\3.0.6\groovy-xml-3.0.6.jar;C:\Users\saurabhkumar04\.m2\repository\org\apache\httpcomponents\httpclient\4.5.3\httpclient-4.5.3.jar;C:\Users\saurabhkumar04\.m2\repository\org\apache\httpcomponents\httpcore\4.4.6\httpcore-4.4.6.jar;C:\Users\saurabhkumar04\.m2\repository\commons-logging\commons-logging\1.2\commons-logging-1.2.jar;C:\Users\saurabhkumar04\.m2\repository\commons-codec\commons-codec\1.9\commons-codec-1.9.jar;C:\Users\saurabhkumar04\.m2\repository\org\apache\httpcomponents\httpmime\4.5.3\httpmime-4.5.3.jar;C:\Users\saurabhkumar04\.m2\repository\org\hamcrest\hamcrest\2.1\hamcrest-2.1.jar;C:\Users\saurabhkumar04\.m2\repository\org\ccil\cowan\tagsoup\tagsoup\1.2.1\tagsoup-1.2.1.jar;C:\Users\saurabhkumar04\.m2\repository\log4j\log4j\1.2.17\log4j-1.2.17.jar;C:\Users\saurabhkumar04\.m2\repository\io\rest-assured\json-path\4.3.3\json-path-4.3.3.jar;C:\Users\saurabhkumar04\.m2\repository\org\codehaus\groovy\groovy-json\3.0.7\groovy-json-3.0.7.jar;C:\Users\saurabhkumar04\.m2\repository\io\rest-assured\rest-assured-common\4.3.3\rest-assured-common-4.3.3.jar;C:\Users\saurabhkumar04\.m2\repository\io\rest-assured\xml-path\4.3.3\xml-path-4.3.3.jar;C:\Users\saurabhkumar04\.m2\repository\org\apache\commons\commons-lang3\3.11\commons-lang3-3.11.jar;C:\Users\saurabhkumar04\.m2\repository\jakarta\xml\bind\jakarta.xml.bind-api\2.3.3\jakarta.xml.bind-api-2.3.3.jar;C:\Users\saurabhkumar04\.m2\repository\jakarta\activation\jakarta.activation-api\1.2.2\jakarta.activation-api-1.2.2.jar;C:\Users\saurabhkumar04\.m2\repository\com\sun\xml\bind\jaxb-impl\2.3.3\jaxb-impl-2.3.3.jar;C:\Users\saurabhkumar04\.m2\repository\io\rest-assured\spring-mock-mvc\4.3.3\spring-mock-mvc-4.3.3.jar;C:\Users\saurabhkumar04\.m2\repository\io\rest-assured\spring-commons\4.3.3\spring-commons-4.3.3.jar;C:\Users\saurabhkumar04\.m2\repository\org\springframework\spring-test\4.3.23.RELEASE\spring-test-4.3.23.RELEASE.jar;C:\Users\saurabhkumar04\.m2\repository\org\springframework\spring-core\4.3.23.RELEASE\spring-core-4.3.23.RELEASE.jar;C:\Users\saurabhkumar04\.m2\repository\org\springframework\spring-webmvc\4.3.23.RELEASE\spring-webmvc-4.3.23.RELEASE.jar;C:\Users\saurabhkumar04\.m2\repository\org\springframework\spring-aop\4.3.23.RELEASE\spring-aop-4.3.23.RELEASE.jar;C:\Users\saurabhkumar04\.m2\repository\org\springframework\spring-beans\4.3.23.RELEASE\spring-beans-4.3.23.RELEASE.jar;C:\Users\saurabhkumar04\.m2\repository\org\springframework\spring-expression\4.3.23.RELEASE\spring-expression-4.3.23.RELEASE.jar;C:\Users\saurabhkumar04\.m2\repository\org\springframework\spring-web\4.3.23.RELEASE\spring-web-4.3.23.RELEASE.jar;C:\Users\saurabhkumar04\.m2\repository\io\rest-assured\spring-web-test-client\4.3.3\spring-web-test-client-4.3.3.jar;C:\Users\saurabhkumar04\.m2\repository\org\springframework\spring-context\5.1.0.RELEASE\spring-context-5.1.0.RELEASE.jar;C:\Users\saurabhkumar04\.m2\repository\org\springframework\spring-webflux\5.1.0.RELEASE\spring-webflux-5.1.0.RELEASE.jar;C:\Users\saurabhkumar04\.m2\repository\io\projectreactor\reactor-core\3.2.0.RELEASE\reactor-core-3.2.0.RELEASE.jar;C:\Users\saurabhkumar04\.m2\repository\org\reactivestreams\reactive-streams\1.0.2\reactive-streams-1.0.2.jar;C:\Users\saurabhkumar04\.m2\repository\org\synchronoss\cloud\nio-multipart-parser\1.1.0\nio-multipart-parser-1.1.0.jar;C:\Users\saurabhkumar04\.m2\repository\org\slf4j\slf4j-api\1.7.12\slf4j-api-1.7.12.jar;C:\Users\saurabhkumar04\.m2\repository\org\synchronoss\cloud\nio-stream-storage\1.1.3\nio-stream-storage-1.1.3.jar;C:\Users\saurabhkumar04\.m2\repository\io\rest-assured\json-schema-validator\4.3.3\json-schema-validator-4.3.3.jar;C:\Users\saurabhkumar04\.m2\repository\com\github\java-json-tools\json-schema-validator\2.2.14\json-schema-validator-2.2.14.jar;C:\Users\saurabhkumar04\.m2\repository\com\github\java-json-tools\jackson-coreutils-equivalence\1.0\jackson-coreutils-equivalence-1.0.jar;C:\Users\saurabhkumar04\.m2\repository\com\fasterxml\jackson\core\jackson-databind\2.11.0\jackson-databind-2.11.0.jar;C:\Users\saurabhkumar04\.m2\repository\com\fasterxml\jackson\core\jackson-annotations\2.11.0\jackson-annotations-2.11.0.jar;C:\Users\saurabhkumar04\.m2\repository\com\fasterxml\jackson\core\jackson-core\2.11.0\jackson-core-2.11.0.jar;C:\Users\saurabhkumar04\.m2\repository\com\github\java-json-tools\jackson-coreutils\2.0\jackson-coreutils-2.0.jar;C:\Users\saurabhkumar04\.m2\repository\com\github\java-json-tools\msg-simple\1.2\msg-simple-1.2.jar;C:\Users\saurabhkumar04\.m2\repository\com\github\java-json-tools\btf\1.3\btf-1.3.jar;C:\Users\saurabhkumar04\.m2\repository\com\github\java-json-tools\json-schema-core\1.2.14\json-schema-core-1.2.14.jar;C:\Users\saurabhkumar04\.m2\repository\com\github\java-json-tools\uri-template\0.10\uri-template-0.10.jar;C:\Users\saurabhkumar04\.m2\repository\org\mozilla\rhino\1.7.7.2\rhino-1.7.7.2.jar;C:\Users\saurabhkumar04\.m2\repository\com\sun\mail\mailapi\1.6.2\mailapi-1.6.2.jar;C:\Users\saurabhkumar04\.m2\repository\joda-time\joda-time\2.10.5\joda-time-2.10.5.jar;C:\Users\saurabhkumar04\.m2\repository\com\googlecode\libphonenumber\libphonenumber\8.11.1\libphonenumber-8.11.1.jar;C:\Users\saurabhkumar04\.m2\repository\com\google\code\findbugs\jsr305\3.0.2\jsr305-3.0.2.jar;C:\Users\saurabhkumar04\.m2\repository\net\sf\jopt-simple\jopt-simple\5.0.4\jopt-simple-5.0.4.jar;C:\Users\saurabhkumar04\.m2\repository\io\rest-assured\scala-support\4.3.3\scala-support-4.3.3.jar;C:\Users\saurabhkumar04\.m2\repository\org\scala-lang\scala-library\2.13.0\scala-library-2.13.0.jar;C:\Users\saurabhkumar04\.m2\repository\xml-apis\xml-apis\1.4.01\xml-apis-1.4.01.jar;"/>
    <property name="java.vm.vendor" value="Oracle Corporation"/>
    <property name="sun.arch.data.model" value="64"/>
    <property name="user.variant" value=""/>
    <property name="java.vendor.url" value="http://java.oracle.com/"/>
    <property name="user.timezone" value="Asia/Calcutta"/>
    <property name="java.vm.specification.version" value="1.8"/>
    <property name="os.name" value="Windows 10"/>
    <property name="user.country" value="IN"/>
    <property name="sun.java.launcher" value="SUN_STANDARD"/>
    <property name="sun.boot.library.path" value="C:\Program Files\Java\jdk1.8.0_221\jre\bin"/>
    <property name="sun.java.command" value="C:\Users\saurabhkumar04\AppData\Local\Temp\surefire5511312390501412970\surefirebooter3102581325347839247.jar C:\Users\saurabhkumar04\AppData\Local\Temp\surefire5511312390501412970 2020-12-30T14-12-58_584-jvmRun1 surefire7316863040922761557tmp surefire_06235508610164621438tmp"/>
    <property name="surefire.test.class.path" value="C:\Users\saurabhkumar04\eclipse-workspace\RestAssuredAssignment\target\test-classes;C:\Users\saurabhkumar04\eclipse-workspace\RestAssuredAssignment\target\classes;C:\Users\saurabhkumar04\.m2\repository\org\testng\testng\7.3.0\testng-7.3.0.jar;C:\Users\saurabhkumar04\.m2\repository\com\beust\jcommander\1.78\jcommander-1.78.jar;C:\Users\saurabhkumar04\.m2\repository\org\apache\ant\ant\1.10.3\ant-1.10.3.jar;C:\Users\saurabhkumar04\.m2\repository\org\apache\ant\ant-launcher\1.10.3\ant-launcher-1.10.3.jar;C:\Users\saurabhkumar04\.m2\repository\junit\junit\4.12\junit-4.12.jar;C:\Users\saurabhkumar04\.m2\repository\org\hamcrest\hamcrest-core\1.3\hamcrest-core-1.3.jar;C:\Users\saurabhkumar04\.m2\repository\com\google\inject\guice\4.2.2\guice-4.2.2-no_aop.jar;C:\Users\saurabhkumar04\.m2\repository\javax\inject\javax.inject\1\javax.inject-1.jar;C:\Users\saurabhkumar04\.m2\repository\aopalliance\aopalliance\1.0\aopalliance-1.0.jar;C:\Users\saurabhkumar04\.m2\repository\com\google\guava\guava\25.1-android\guava-25.1-android.jar;C:\Users\saurabhkumar04\.m2\repository\org\checkerframework\checker-compat-qual\2.0.0\checker-compat-qual-2.0.0.jar;C:\Users\saurabhkumar04\.m2\repository\com\google\errorprone\error_prone_annotations\2.1.3\error_prone_annotations-2.1.3.jar;C:\Users\saurabhkumar04\.m2\repository\com\google\j2objc\j2objc-annotations\1.1\j2objc-annotations-1.1.jar;C:\Users\saurabhkumar04\.m2\repository\org\codehaus\mojo\animal-sniffer-annotations\1.14\animal-sniffer-annotations-1.14.jar;C:\Users\saurabhkumar04\.m2\repository\org\yaml\snakeyaml\1.21\snakeyaml-1.21.jar;C:\Users\saurabhkumar04\.m2\repository\com\googlecode\json-simple\json-simple\1.1.1\json-simple-1.1.1.jar;C:\Users\saurabhkumar04\.m2\repository\com\relevantcodes\extentreports\2.41.2\extentreports-2.41.2.jar;C:\Users\saurabhkumar04\.m2\repository\org\jsoup\jsoup\1.8.3\jsoup-1.8.3.jar;C:\Users\saurabhkumar04\.m2\repository\org\xerial\sqlite-jdbc\3.8.11.1\sqlite-jdbc-3.8.11.1.jar;C:\Users\saurabhkumar04\.m2\repository\org\freemarker\freemarker\2.3.23\freemarker-2.3.23.jar;C:\Users\saurabhkumar04\.m2\repository\org\mongodb\mongodb-driver\3.0.4\mongodb-driver-3.0.4.jar;C:\Users\saurabhkumar04\.m2\repository\org\mongodb\bson\3.0.4\bson-3.0.4.jar;C:\Users\saurabhkumar04\.m2\repository\org\mongodb\mongodb-driver-core\3.0.4\mongodb-driver-core-3.0.4.jar;C:\Users\saurabhkumar04\.m2\repository\io\rest-assured\rest-assured\4.3.2\rest-assured-4.3.2.jar;C:\Users\saurabhkumar04\.m2\repository\org\codehaus\groovy\groovy\3.0.6\groovy-3.0.6.jar;C:\Users\saurabhkumar04\.m2\repository\org\codehaus\groovy\groovy-xml\3.0.6\groovy-xml-3.0.6.jar;C:\Users\saurabhkumar04\.m2\repository\org\apache\httpcomponents\httpclient\4.5.3\httpclient-4.5.3.jar;C:\Users\saurabhkumar04\.m2\repository\org\apache\httpcomponents\httpcore\4.4.6\httpcore-4.4.6.jar;C:\Users\saurabhkumar04\.m2\repository\commons-logging\commons-logging\1.2\commons-logging-1.2.jar;C:\Users\saurabhkumar04\.m2\repository\commons-codec\commons-codec\1.9\commons-codec-1.9.jar;C:\Users\saurabhkumar04\.m2\repository\org\apache\httpcomponents\httpmime\4.5.3\httpmime-4.5.3.jar;C:\Users\saurabhkumar04\.m2\repository\org\hamcrest\hamcrest\2.1\hamcrest-2.1.jar;C:\Users\saurabhkumar04\.m2\repository\org\ccil\cowan\tagsoup\tagsoup\1.2.1\tagsoup-1.2.1.jar;C:\Users\saurabhkumar04\.m2\repository\log4j\log4j\1.2.17\log4j-1.2.17.jar;C:\Users\saurabhkumar04\.m2\repository\io\rest-assured\json-path\4.3.3\json-path-4.3.3.jar;C:\Users\saurabhkumar04\.m2\repository\org\codehaus\groovy\groovy-json\3.0.7\groovy-json-3.0.7.jar;C:\Users\saurabhkumar04\.m2\repository\io\rest-assured\rest-assured-common\4.3.3\rest-assured-common-4.3.3.jar;C:\Users\saurabhkumar04\.m2\repository\io\rest-assured\xml-path\4.3.3\xml-path-4.3.3.jar;C:\Users\saurabhkumar04\.m2\repository\org\apache\commons\commons-lang3\3.11\commons-lang3-3.11.jar;C:\Users\saurabhkumar04\.m2\repository\jakarta\xml\bind\jakarta.xml.bind-api\2.3.3\jakarta.xml.bind-api-2.3.3.jar;C:\Users\saurabhkumar04\.m2\repository\jakarta\activation\jakarta.activation-api\1.2.2\jakarta.activation-api-1.2.2.jar;C:\Users\saurabhkumar04\.m2\repository\com\sun\xml\bind\jaxb-impl\2.3.3\jaxb-impl-2.3.3.jar;C:\Users\saurabhkumar04\.m2\repository\io\rest-assured\spring-mock-mvc\4.3.3\spring-mock-mvc-4.3.3.jar;C:\Users\saurabhkumar04\.m2\repository\io\rest-assured\spring-commons\4.3.3\spring-commons-4.3.3.jar;C:\Users\saurabhkumar04\.m2\repository\org\springframework\spring-test\4.3.23.RELEASE\spring-test-4.3.23.RELEASE.jar;C:\Users\saurabhkumar04\.m2\repository\org\springframework\spring-core\4.3.23.RELEASE\spring-core-4.3.23.RELEASE.jar;C:\Users\saurabhkumar04\.m2\repository\org\springframework\spring-webmvc\4.3.23.RELEASE\spring-webmvc-4.3.23.RELEASE.jar;C:\Users\saurabhkumar04\.m2\repository\org\springframework\spring-aop\4.3.23.RELEASE\spring-aop-4.3.23.RELEASE.jar;C:\Users\saurabhkumar04\.m2\repository\org\springframework\spring-beans\4.3.23.RELEASE\spring-beans-4.3.23.RELEASE.jar;C:\Users\saurabhkumar04\.m2\repository\org\springframework\spring-expression\4.3.23.RELEASE\spring-expression-4.3.23.RELEASE.jar;C:\Users\saurabhkumar04\.m2\repository\org\springframework\spring-web\4.3.23.RELEASE\spring-web-4.3.23.RELEASE.jar;C:\Users\saurabhkumar04\.m2\repository\io\rest-assured\spring-web-test-client\4.3.3\spring-web-test-client-4.3.3.jar;C:\Users\saurabhkumar04\.m2\repository\org\springframework\spring-context\5.1.0.RELEASE\spring-context-5.1.0.RELEASE.jar;C:\Users\saurabhkumar04\.m2\repository\org\springframework\spring-webflux\5.1.0.RELEASE\spring-webflux-5.1.0.RELEASE.jar;C:\Users\saurabhkumar04\.m2\repository\io\projectreactor\reactor-core\3.2.0.RELEASE\reactor-core-3.2.0.RELEASE.jar;C:\Users\saurabhkumar04\.m2\repository\org\reactivestreams\reactive-streams\1.0.2\reactive-streams-1.0.2.jar;C:\Users\saurabhkumar04\.m2\repository\org\synchronoss\cloud\nio-multipart-parser\1.1.0\nio-multipart-parser-1.1.0.jar;C:\Users\saurabhkumar04\.m2\repository\org\slf4j\slf4j-api\1.7.12\slf4j-api-1.7.12.jar;C:\Users\saurabhkumar04\.m2\repository\org\synchronoss\cloud\nio-stream-storage\1.1.3\nio-stream-storage-1.1.3.jar;C:\Users\saurabhkumar04\.m2\repository\io\rest-assured\json-schema-validator\4.3.3\json-schema-validator-4.3.3.jar;C:\Users\saurabhkumar04\.m2\repository\com\github\java-json-tools\json-schema-validator\2.2.14\json-schema-validator-2.2.14.jar;C:\Users\saurabhkumar04\.m2\repository\com\github\java-json-tools\jackson-coreutils-equivalence\1.0\jackson-coreutils-equivalence-1.0.jar;C:\Users\saurabhkumar04\.m2\repository\com\fasterxml\jackson\core\jackson-databind\2.11.0\jackson-databind-2.11.0.jar;C:\Users\saurabhkumar04\.m2\repository\com\fasterxml\jackson\core\jackson-annotations\2.11.0\jackson-annotations-2.11.0.jar;C:\Users\saurabhkumar04\.m2\repository\com\fasterxml\jackson\core\jackson-core\2.11.0\jackson-core-2.11.0.jar;C:\Users\saurabhkumar04\.m2\repository\com\github\java-json-tools\jackson-coreutils\2.0\jackson-coreutils-2.0.jar;C:\Users\saurabhkumar04\.m2\repository\com\github\java-json-tools\msg-simple\1.2\msg-simple-1.2.jar;C:\Users\saurabhkumar04\.m2\repository\com\github\java-json-tools\btf\1.3\btf-1.3.jar;C:\Users\saurabhkumar04\.m2\repository\com\github\java-json-tools\json-schema-core\1.2.14\json-schema-core-1.2.14.jar;C:\Users\saurabhkumar04\.m2\repository\com\github\java-json-tools\uri-template\0.10\uri-template-0.10.jar;C:\Users\saurabhkumar04\.m2\repository\org\mozilla\rhino\1.7.7.2\rhino-1.7.7.2.jar;C:\Users\saurabhkumar04\.m2\repository\com\sun\mail\mailapi\1.6.2\mailapi-1.6.2.jar;C:\Users\saurabhkumar04\.m2\repository\joda-time\joda-time\2.10.5\joda-time-2.10.5.jar;C:\Users\saurabhkumar04\.m2\repository\com\googlecode\libphonenumber\libphonenumber\8.11.1\libphonenumber-8.11.1.jar;C:\Users\saurabhkumar04\.m2\repository\com\google\code\findbugs\jsr305\3.0.2\jsr305-3.0.2.jar;C:\Users\saurabhkumar04\.m2\repository\net\sf\jopt-simple\jopt-simple\5.0.4\jopt-simple-5.0.4.jar;C:\Users\saurabhkumar04\.m2\repository\io\rest-assured\scala-support\4.3.3\scala-support-4.3.3.jar;C:\Users\saurabhkumar04\.m2\repository\org\scala-lang\scala-library\2.13.0\scala-library-2.13.0.jar;C:\Users\saurabhkumar04\.m2\repository\xml-apis\xml-apis\1.4.01\xml-apis-1.4.01.jar;"/>
    <property name="sun.cpu.endian" value="little"/>
    <property name="user.home" value="C:\Users\saurabhkumar04"/>
    <property name="user.language" value="en"/>
    <property name="java.specification.vendor" value="Oracle Corporation"/>
    <property name="java.home" value="C:\Program Files\Java\jdk1.8.0_221\jre"/>
    <property name="basedir" value="C:\Users\saurabhkumar04\eclipse-workspace\RestAssuredAssignment"/>
    <property name="file.separator" value="\"/>
    <property name="line.separator" value="&#10;"/>
    <property name="java.vm.specification.vendor" value="Oracle Corporation"/>
    <property name="java.specification.name" value="Java Platform API Specification"/>
    <property name="java.awt.graphicsenv" value="sun.awt.Win32GraphicsEnvironment"/>
    <property name="surefire.real.class.path" value="C:\Users\saurabhkumar04\AppData\Local\Temp\surefire5511312390501412970\surefirebooter3102581325347839247.jar"/>
    <property name="sun.boot.class.path" value="C:\Program Files\Java\jdk1.8.0_221\jre\lib\resources.jar;C:\Program Files\Java\jdk1.8.0_221\jre\lib\rt.jar;C:\Program Files\Java\jdk1.8.0_221\jre\lib\sunrsasign.jar;C:\Program Files\Java\jdk1.8.0_221\jre\lib\jsse.jar;C:\Program Files\Java\jdk1.8.0_221\jre\lib\jce.jar;C:\Program Files\Java\jdk1.8.0_221\jre\lib\charsets.jar;C:\Program Files\Java\jdk1.8.0_221\jre\lib\jfr.jar;C:\Program Files\Java\jdk1.8.0_221\jre\classes"/>
    <property name="user.script" value=""/>
    <property name="sun.management.compiler" value="HotSpot 64-Bit Tiered Compilers"/>
    <property name="java.runtime.version" value="1.8.0_221-b11"/>
    <property name="user.name" value="saurabhkumar04"/>
    <property name="path.separator" value=";"/>
    <property name="os.version" value="10.0"/>
    <property name="java.endorsed.dirs" value="C:\Program Files\Java\jdk1.8.0_221\jre\lib\endorsed"/>
    <property name="java.runtime.name" value="Java(TM) SE Runtime Environment"/>
    <property name="file.encoding" value="Cp1252"/>
    <property name="java.vm.name" value="Java HotSpot(TM) 64-Bit Server VM"/>
    <property name="localRepository" value="C:\Users\saurabhkumar04\.m2\repository"/>
    <property name="java.vendor.url.bug" value="http://bugreport.sun.com/bugreport/"/>
    <property name="java.io.tmpdir" value="C:\Users\SAURAB~1\AppData\Local\Temp\"/>
    <property name="java.version" value="1.8.0_221"/>
    <property name="user.dir" value="C:\Users\saurabhkumar04\eclipse-workspace\RestAssuredAssignment"/>
    <property name="os.arch" value="amd64"/>
    <property name="java.vm.specification.name" value="Java Virtual Machine Specification"/>
    <property name="java.awt.printerjob" value="sun.awt.windows.WPrinterJob"/>
    <property name="sun.os.patch.level" value=""/>
    <property name="java.library.path" value="C:\Program Files\Java\jdk1.8.0_221\jre\bin;C:\WINDOWS\Sun\Java\bin;C:\WINDOWS\system32;C:\WINDOWS;C:\Program Files\Java\jdk1.8.0_221\bin;C:\Program Files (x86)\Common Files\Oracle\Java\javapath;C:\WINDOWS\system32;C:\WINDOWS;C:\WINDOWS\System32\Wbem;C:\WINDOWS\System32\WindowsPowerShell\v1.0\;C:\WINDOWS\System32\OpenSSH\;C:\Program Files\TortoiseSVN\bin;C:\Program Files\Microsoft SQL Server\Client SDK\ODBC\130\Tools\Binn\;C:\Program Files (x86)\Microsoft SQL Server\140\Tools\Binn\;C:\Program Files\Microsoft SQL Server\140\Tools\Binn\;C:\Program Files\Microsoft SQL Server\140\DTS\Binn\;C:\Program Files (x86)\Microsoft SQL Server\150\DTS\Binn\;C:\Program Files\dotnet\;C:\Program Files\Microsoft SQL Server\130\Tools\Binn\;C:\Program Files (x86)\Microsoft SQL Server\140\DTS\Binn\;C:\Program Files (x86)\Microsoft SQL Server\Client SDK\ODBC\130\Tools\Binn\;C:\Program Files (x86)\Microsoft SQL Server\140\Tools\Binn\ManagementStudio\;C:\apache-maven-3.6.3\bin;C:\Users\saurabhkumar04\AppData\Local\Microsoft\WindowsApps;C:\Users\saurabhkumar04\.dotnet\tools;."/>
    <property name="java.vm.info" value="mixed mode"/>
    <property name="java.vendor" value="Oracle Corporation"/>
    <property name="java.vm.version" value="25.221-b11"/>
    <property name="java.ext.dirs" value="C:\Program Files\Java\jdk1.8.0_221\jre\lib\ext;C:\WINDOWS\Sun\Java\lib\ext"/>
    <property name="sun.io.unicode.encoding" value="UnicodeLittle"/>
    <property name="java.class.version" value="52.0"/>
  </properties>
  <testcase name="DeleteUserMethod" classname="Request.DeleteUserDetail" time="3.17">
    <system-out><![CDATA[HTTP/1.1 200 OK
Server: nginx
Date: Wed, 30 Dec 2020 08:43:01 GMT
Content-Type: application/json; charset=utf-8
Transfer-Encoding: chunked
Connection: keep-alive
Vary: Accept-Encoding
X-Frame-Options: SAMEORIGIN
X-XSS-Protection: 1; mode=block
X-Content-Type-Options: nosniff
X-Download-Options: noopen
X-Permitted-Cross-Domain-Policies: none
Referrer-Policy: strict-origin-when-cross-origin
Location: https://gorest.co.in/public-api/users/1493
ETag: W/"d982ef979bcd60401ac873c7943afd86"
Cache-Control: max-age=0, private, must-revalidate
X-Request-Id: a4d9e127-c72a-45af-909b-8a8bc4893477
X-Runtime: 0.015934
Strict-Transport-Security: max-age=31536000; includeSubDomains
Vary: Origin
X-Frame-Options: sameorigin
Expect-CT: enforce; max-age=3600
Content-Encoding: gzip

{
    "code": 201,
    "meta": null,
    "data": {
        "id": 1493,
        "name": "Saurabh",
        "email": "jcmnlyxzbj@gmail.com",
        "gender": "Male",
        "status": "Active",
        "created_at": "2020-12-30T14:13:01.529+05:30",
        "updated_at": "2020-12-30T14:13:01.529+05:30"
    }
}
Generated New Id: 1493
HTTP/1.1 200 OK
Server: nginx
Date: Wed, 30 Dec 2020 08:43:02 GMT
Content-Type: application/json; charset=utf-8
Transfer-Encoding: chunked
Connection: keep-alive
Vary: Accept-Encoding
X-Frame-Options: SAMEORIGIN
X-XSS-Protection: 1; mode=block
X-Content-Type-Options: nosniff
X-Download-Options: noopen
X-Permitted-Cross-Domain-Policies: none
Referrer-Policy: strict-origin-when-cross-origin
ETag: W/"9132bec7c413b5b015be1efe1c6efe72"
Cache-Control: max-age=0, private, must-revalidate
X-Request-Id: 5c8dad8e-b702-4271-836b-dbb4d0077e6b
X-Runtime: 0.021742
Strict-Transport-Security: max-age=31536000; includeSubDomains
Vary: Origin
X-Frame-Options: sameorigin
Expect-CT: enforce; max-age=3600
Content-Encoding: gzip

{
    "code": 204,
    "meta": null,
    "data": null
}
User is Deleted successfully
]]></system-out>
    <system-err><![CDATA[Dec 30, 2020 2:12:59 PM [Request.DeleteUserDetail]  invoke0
INFO: ------------------Deletion Of User's Data Begins------------------
Dec 30, 2020 2:12:59 PM [Request.CreateNewUser]  DeleteUserMethod
INFO: ------------------Creation Of New User Begins------------------
Dec 30, 2020 2:13:02 PM [Request.CreateNewUser]  DeleteUserMethod
INFO: ------------------Creation Of New User Ends------------------
Dec 30, 2020 2:13:02 PM [Request.DeleteUserDetail]  invoke0
INFO: ------------------Deletion Of User's Data Begins------------------
]]></system-err>
  </testcase>
  <testcase name="GetNewUser" classname="Request.GetUser" time="1.591">
    <system-out><![CDATA[HTTP/1.1 200 OK
Server: nginx
Date: Wed, 30 Dec 2020 08:43:03 GMT
Content-Type: application/json; charset=utf-8
Transfer-Encoding: chunked
Connection: keep-alive
Vary: Accept-Encoding
X-Frame-Options: SAMEORIGIN
X-XSS-Protection: 1; mode=block
X-Content-Type-Options: nosniff
X-Download-Options: noopen
X-Permitted-Cross-Domain-Policies: none
Referrer-Policy: strict-origin-when-cross-origin
Location: https://gorest.co.in/public-api/users/1494
ETag: W/"a468e9d365abb61a377a059e89278a01"
Cache-Control: max-age=0, private, must-revalidate
X-Request-Id: c757556e-4661-4456-88a4-40d22fc14039
X-Runtime: 0.019937
Strict-Transport-Security: max-age=31536000; includeSubDomains
Vary: Origin
X-Frame-Options: sameorigin
Expect-CT: enforce; max-age=3600
Content-Encoding: gzip

{
    "code": 201,
    "meta": null,
    "data": {
        "id": 1494,
        "name": "Saurabh",
        "email": "aafmmfbmvs@gmail.com",
        "gender": "Male",
        "status": "Active",
        "created_at": "2020-12-30T14:13:03.108+05:30",
        "updated_at": "2020-12-30T14:13:03.108+05:30"
    }
}
Generated New Id: 1494
User Id is: 1494
HTTP/1.1 200 OK
Server: nginx
Date: Wed, 30 Dec 2020 08:43:03 GMT
Content-Type: application/json; charset=utf-8
Transfer-Encoding: chunked
Connection: keep-alive
Vary: Accept-Encoding
X-Frame-Options: SAMEORIGIN
X-XSS-Protection: 1; mode=block
X-Content-Type-Options: nosniff
X-Download-Options: noopen
X-Permitted-Cross-Domain-Policies: none
Referrer-Policy: strict-origin-when-cross-origin
ETag: W/"75dde922bd5d9489429bfd0bf679107b"
Cache-Control: max-age=0, private, must-revalidate
X-Request-Id: 611e25fe-9e52-45dc-8ebd-4a55e09b545f
X-Runtime: 0.012897
Strict-Transport-Security: max-age=31536000; includeSubDomains
Vary: Origin
X-Frame-Options: sameorigin
Expect-CT: enforce; max-age=3600
Content-Encoding: gzip

{
    "code": 200,
    "meta": null,
    "data": {
        "id": 1494,
        "name": "Saurabh",
        "email": "aafmmfbmvs@gmail.com",
        "gender": "Male",
        "status": "Active",
        "created_at": "2020-12-30T14:13:03.108+05:30",
        "updated_at": "2020-12-30T14:13:03.108+05:30"
    }
}
User Name is : Saurabh
HTTP/1.1 200 OK
Server: nginx
Date: Wed, 30 Dec 2020 08:43:04 GMT
Content-Type: application/json; charset=utf-8
Transfer-Encoding: chunked
Connection: keep-alive
Vary: Accept-Encoding
X-Frame-Options: SAMEORIGIN
X-XSS-Protection: 1; mode=block
X-Content-Type-Options: nosniff
X-Download-Options: noopen
X-Permitted-Cross-Domain-Policies: none
Referrer-Policy: strict-origin-when-cross-origin
ETag: W/"9132bec7c413b5b015be1efe1c6efe72"
Cache-Control: max-age=0, private, must-revalidate
X-Request-Id: 0240fff3-3c85-4da5-a75c-a87d15f96e83
X-Runtime: 0.014956
Strict-Transport-Security: max-age=31536000; includeSubDomains
Vary: Origin
X-Frame-Options: sameorigin
Expect-CT: enforce; max-age=3600
Content-Encoding: gzip

{
    "code": 204,
    "meta": null,
    "data": null
}
]]></system-out>
    <system-err><![CDATA[Dec 30, 2020 2:13:02 PM [Request.CreateNewUser]  GetNewUser
INFO: ------------------Creation Of New User Begins------------------
Dec 30, 2020 2:13:03 PM [Request.CreateNewUser]  GetNewUser
INFO: ------------------Creation Of New User Ends------------------
Dec 30, 2020 2:13:03 PM [Request.GetUser]  invoke0
INFO: ------------------Getting Of User Begins------------------
Dec 30, 2020 2:13:04 PM [Request.GetUser]  invoke0
INFO: ------------------Creation Of New User Ends------------------
]]></system-err>
  </testcase>
  <testcase name="GetNewUserNegative" classname="Request.GetUser" time="0.409">
    <system-out><![CDATA[HTTP/1.1 200 OK
Server: nginx
Date: Wed, 30 Dec 2020 08:43:04 GMT
Content-Type: application/json; charset=utf-8
Transfer-Encoding: chunked
Connection: keep-alive
Vary: Accept-Encoding
X-Frame-Options: SAMEORIGIN
X-XSS-Protection: 1; mode=block
X-Content-Type-Options: nosniff
X-Download-Options: noopen
X-Permitted-Cross-Domain-Policies: none
Referrer-Policy: strict-origin-when-cross-origin
ETag: W/"b654e1cd0d3be5d471e57be8f71a8543"
Cache-Control: max-age=0, private, must-revalidate
X-Request-Id: 5dd45e54-4486-4184-84d4-0db94261d5a4
X-Runtime: 0.002396
Strict-Transport-Security: max-age=31536000; includeSubDomains
Vary: Origin
X-Frame-Options: sameorigin
Expect-CT: enforce; max-age=3600
Content-Encoding: gzip

{
    "code": 404,
    "meta": null,
    "data": {
        "message": "Resource not found"
    }
}
Status Code is: 404
]]></system-out>
    <system-err><![CDATA[Dec 30, 2020 2:13:04 PM [Request.GetUser]  invoke0
INFO: ------------------Getting Of User(Negative) Begins------------------
Dec 30, 2020 2:13:04 PM [Request.GetUser]  invoke0
INFO: ------------------Creation Of New User(Negative) Ends------------------
]]></system-err>
  </testcase>
  <testcase name="CreateUser" classname="Request.CreateNewUser" time="0.53">
    <system-out><![CDATA[HTTP/1.1 200 OK
Server: nginx
Date: Wed, 30 Dec 2020 08:43:05 GMT
Content-Type: application/json; charset=utf-8
Transfer-Encoding: chunked
Connection: keep-alive
Vary: Accept-Encoding
X-Frame-Options: SAMEORIGIN
X-XSS-Protection: 1; mode=block
X-Content-Type-Options: nosniff
X-Download-Options: noopen
X-Permitted-Cross-Domain-Policies: none
Referrer-Policy: strict-origin-when-cross-origin
Location: https://gorest.co.in/public-api/users/1495
ETag: W/"1a208a476e52b5f39ed708fe64948378"
Cache-Control: max-age=0, private, must-revalidate
X-Request-Id: c964fa85-5505-4dec-b5cc-e6b22b268810
X-Runtime: 0.017521
Strict-Transport-Security: max-age=31536000; includeSubDomains
Vary: Origin
X-Frame-Options: sameorigin
Expect-CT: enforce; max-age=3600
Content-Encoding: gzip

{
    "code": 201,
    "meta": null,
    "data": {
        "id": 1495,
        "name": "Saurabh",
        "email": "enihlqceaz@gmail.com",
        "gender": "Male",
        "status": "Active",
        "created_at": "2020-12-30T14:13:05.147+05:30",
        "updated_at": "2020-12-30T14:13:05.147+05:30"
    }
}
Generated New Id: 1495
]]></system-out>
    <system-err><![CDATA[Dec 30, 2020 2:13:04 PM [Request.CreateNewUser]  invoke0
INFO: ------------------Creation Of New User Begins------------------
Dec 30, 2020 2:13:05 PM [Request.CreateNewUser]  invoke0
INFO: ------------------Creation Of New User Ends------------------
]]></system-err>
  </testcase>
  <testcase name="UpdateUserdetails" classname="Request.UpdateUserDetails" time="1.61">
    <system-out><![CDATA[HTTP/1.1 200 OK
Server: nginx
Date: Wed, 30 Dec 2020 08:43:05 GMT
Content-Type: application/json; charset=utf-8
Transfer-Encoding: chunked
Connection: keep-alive
Vary: Accept-Encoding
X-Frame-Options: SAMEORIGIN
X-XSS-Protection: 1; mode=block
X-Content-Type-Options: nosniff
X-Download-Options: noopen
X-Permitted-Cross-Domain-Policies: none
Referrer-Policy: strict-origin-when-cross-origin
Location: https://gorest.co.in/public-api/users/1496
ETag: W/"6a998bacf6c95b8cb6da692c4e243034"
Cache-Control: max-age=0, private, must-revalidate
X-Request-Id: 222b6f63-cd95-4cd6-894a-70309b440878
X-Runtime: 0.015541
Strict-Transport-Security: max-age=31536000; includeSubDomains
Vary: Origin
X-Frame-Options: sameorigin
Expect-CT: enforce; max-age=3600
Content-Encoding: gzip

{
    "code": 201,
    "meta": null,
    "data": {
        "id": 1496,
        "name": "Saurabh",
        "email": "ucgzihpwav@gmail.com",
        "gender": "Male",
        "status": "Active",
        "created_at": "2020-12-30T14:13:05.656+05:30",
        "updated_at": "2020-12-30T14:13:05.656+05:30"
    }
}
Generated New Id: 1496
HTTP/1.1 200 OK
Server: nginx
Date: Wed, 30 Dec 2020 08:43:06 GMT
Content-Type: application/json; charset=utf-8
Transfer-Encoding: chunked
Connection: keep-alive
Vary: Accept-Encoding
X-Frame-Options: SAMEORIGIN
X-XSS-Protection: 1; mode=block
X-Content-Type-Options: nosniff
X-Download-Options: noopen
X-Permitted-Cross-Domain-Policies: none
Referrer-Policy: strict-origin-when-cross-origin
ETag: W/"0fc44597feadee7ae716ee8c73c14653"
Cache-Control: max-age=0, private, must-revalidate
X-Request-Id: 87f79f50-afac-4f42-ba47-a09399181f2d
X-Runtime: 0.008641
Strict-Transport-Security: max-age=31536000; includeSubDomains
Vary: Origin
X-Frame-Options: sameorigin
Expect-CT: enforce; max-age=3600
Content-Encoding: gzip

{
    "code": 200,
    "meta": null,
    "data": {
        "id": 1496,
        "email": "getnxkfame@gmail.com",
        "name": "Saurabh",
        "gender": "Male",
        "status": "Active",
        "created_at": "2020-12-30T14:13:05.656+05:30",
        "updated_at": "2020-12-30T14:13:06.175+05:30"
    }
}
Updated UserEmail: getnxkfame@gmail.com
HTTP/1.1 200 OK
Server: nginx
Date: Wed, 30 Dec 2020 08:43:06 GMT
Content-Type: application/json; charset=utf-8
Transfer-Encoding: chunked
Connection: keep-alive
Vary: Accept-Encoding
X-Frame-Options: SAMEORIGIN
X-XSS-Protection: 1; mode=block
X-Content-Type-Options: nosniff
X-Download-Options: noopen
X-Permitted-Cross-Domain-Policies: none
Referrer-Policy: strict-origin-when-cross-origin
ETag: W/"9132bec7c413b5b015be1efe1c6efe72"
Cache-Control: max-age=0, private, must-revalidate
X-Request-Id: b930ecc9-a125-4608-bc30-5af98784cc92
X-Runtime: 0.026837
Strict-Transport-Security: max-age=31536000; includeSubDomains
Vary: Origin
X-Frame-Options: sameorigin
Expect-CT: enforce; max-age=3600
Content-Encoding: gzip

{
    "code": 204,
    "meta": null,
    "data": null
}
]]></system-out>
    <system-err><![CDATA[Dec 30, 2020 2:13:05 PM [Request.CreateNewUser]  UpdateUserdetails
INFO: ------------------Creation Of New User Begins------------------
Dec 30, 2020 2:13:05 PM [Request.CreateNewUser]  UpdateUserdetails
INFO: ------------------Creation Of New User Ends------------------
Dec 30, 2020 2:13:05 PM [Request.UpdateUserDetails]  invoke0
INFO: ------------------Updation Of User's Data Begins------------------
Dec 30, 2020 2:13:06 PM [Request.UpdateUserDetails]  invoke0
INFO: ------------------Updation Of User's Data Ends------------------
]]></system-err>
  </testcase>
  <testcase name="UpdateUserdetailsNegative" classname="Request.UpdateUserDetails" time="0.394">
    <system-out><![CDATA[HTTP/1.1 200 OK
Server: nginx
Date: Wed, 30 Dec 2020 08:43:07 GMT
Content-Type: application/json; charset=utf-8
Transfer-Encoding: chunked
Connection: keep-alive
Vary: Accept-Encoding
X-Frame-Options: SAMEORIGIN
X-XSS-Protection: 1; mode=block
X-Content-Type-Options: nosniff
X-Download-Options: noopen
X-Permitted-Cross-Domain-Policies: none
Referrer-Policy: strict-origin-when-cross-origin
ETag: W/"251b3e10d77cb708e4c98810f585eac7"
Cache-Control: max-age=0, private, must-revalidate
X-Request-Id: 0d59e585-5d37-4260-b373-0a2f0de8a71b
X-Runtime: 0.008094
Strict-Transport-Security: max-age=31536000; includeSubDomains
Vary: Origin
X-Frame-Options: sameorigin
Expect-CT: enforce; max-age=3600
Content-Encoding: gzip

{
    "code": 422,
    "meta": null,
    "data": [
        {
            "field": "name",
            "message": "can't be blank"
        }
    ]
}
Status Code is : 422
]]></system-out>
    <system-err><![CDATA[Dec 30, 2020 2:13:06 PM [Request.UpdateUserDetails]  invoke0
INFO: ------------------Updation Of User's(Negative) Data Begins------------------
Dec 30, 2020 2:13:07 PM [Request.UpdateUserDetails]  invoke0
INFO: ------------------Updation Of User's(Negative) Data Ends------------------
]]></system-err>
  </testcase>
</testsuite>