<?xml version="1.0" encoding="UTF-8"?>
<!-- Generated by org.testng.reporters.JUnitReportReporter -->
<testsuite hostname="saurabhkumar14" failures="0" tests="1" name="Request.CreateNewUser" time="0.479" errors="0" timestamp="2020-12-30T14:06:06 IST" skipped="0">
  <testcase classname="Request.CreateNewUser" name="CreateUser" time="0.479"/>
  <system-out>
Generated New Id: 1482  </system-out>
</testsuite> <!-- Request.CreateNewUser -->
