<?xml version="1.0" encoding="UTF-8"?>
<!-- Generated by org.testng.reporters.JUnitReportReporter -->
<testsuite hostname="saurabhkumar14" failures="0" tests="2" name="Request.UpdateUserDetails" time="1.923" errors="0" timestamp="2020-12-30T14:06:06 IST" skipped="0">
  <testcase classname="Request.UpdateUserDetails" name="UpdateUserdetails" time="1.446"/>
  <system-out>
Generated New Id: 1483 Updated UserEmail: rkuqenazwa@gmail.com  </system-out>
  <testcase classname="Request.UpdateUserDetails" name="UpdateUserdetailsNegative" time="0.477"/>
  <system-out>
Status Code is : 422  </system-out>
</testsuite> <!-- Request.UpdateUserDetails -->
