<?xml version="1.0" encoding="UTF-8"?>
<!-- Generated by org.testng.reporters.JUnitReportReporter -->
<testsuite hostname="saurabhkumar14" failures="0" tests="1" name="Request.DeleteUserDetail" time="3.443" errors="0" timestamp="2020-12-30T14:06:06 IST" skipped="0">
  <testcase classname="Request.DeleteUserDetail" name="DeleteUserMethod" time="3.443"/>
  <system-out>
Generated New Id: 1480 User is Deleted successfully  </system-out>
</testsuite> <!-- Request.DeleteUserDetail -->
