<?xml version="1.0" encoding="UTF-8"?>
<!-- Generated by org.testng.reporters.JUnitReportReporter -->
<testsuite hostname="saurabhkumar14" failures="0" tests="2" name="Request.GetUser" time="2.006" errors="0" timestamp="2020-12-30T14:06:06 IST" skipped="0">
  <testcase classname="Request.GetUser" name="GetNewUser" time="1.516"/>
  <system-out>
Generated New Id: 1481 User Id is: 1481 User Name is : Saurabh  </system-out>
  <testcase classname="Request.GetUser" name="GetNewUserNegative" time="0.490"/>
  <system-out>
Status Code is: 404  </system-out>
</testsuite> <!-- Request.GetUser -->
