<?xml version="1.0" encoding="UTF-8"?>
<!-- Generated by org.testng.reporters.JUnitReportReporter -->
<testsuite skipped="0" hostname="saurabhkumar14" name="Request.GetUser" tests="2" failures="0" timestamp="2020-12-30T14:13:07 IST" time="2.032" errors="0">
  <testcase name="GetNewUser" time="1.528" classname="Request.GetUser"/>
  <system-out>
Generated New Id: 1494 User Id is: 1494 User Name is : Saurabh  </system-out>
  <testcase name="GetNewUserNegative" time="0.504" classname="Request.GetUser"/>
  <system-out>
Status Code is: 404  </system-out>
</testsuite> <!-- Request.GetUser -->
