<?xml version="1.0" encoding="UTF-8"?>
<!-- Generated by org.testng.reporters.JUnitReportReporter -->
<testsuite skipped="0" hostname="saurabhkumar14" name="Request.UpdateUserDetails" tests="2" failures="0" timestamp="2020-12-30T14:13:07 IST" time="1.995" errors="0">
  <testcase name="UpdateUserdetails" time="1.520" classname="Request.UpdateUserDetails"/>
  <system-out>
Generated New Id: 1496 Updated UserEmail: getnxkfame@gmail.com  </system-out>
  <testcase name="UpdateUserdetailsNegative" time="0.475" classname="Request.UpdateUserDetails"/>
  <system-out>
Status Code is : 422  </system-out>
</testsuite> <!-- Request.UpdateUserDetails -->
