<?xml version="1.0" encoding="UTF-8"?>
<!-- Generated by org.testng.reporters.JUnitReportReporter -->
<testsuite skipped="0" hostname="saurabhkumar14" name="Request.CreateNewUser" tests="1" failures="0" timestamp="2020-12-30T14:13:07 IST" time="0.539" errors="0">
  <testcase name="CreateUser" time="0.539" classname="Request.CreateNewUser"/>
  <system-out>
Generated New Id: 1495  </system-out>
</testsuite> <!-- Request.CreateNewUser -->
