<?xml version="1.0" encoding="UTF-8"?>
<!-- Generated by org.testng.reporters.JUnitReportReporter -->
<testsuite skipped="0" hostname="saurabhkumar14" name="Request.DeleteUserDetail" tests="1" failures="0" timestamp="2020-12-30T14:13:07 IST" time="3.080" errors="0">
  <testcase name="DeleteUserMethod" time="3.080" classname="Request.DeleteUserDetail"/>
  <system-out>
Generated New Id: 1493 User is Deleted successfully  </system-out>
</testsuite> <!-- Request.DeleteUserDetail -->
